0 info it worked if it ends with ok
1 verbose cli [ 'C:\\Program Files (x86)\\Nodist\\v-x64\\7.2.1\\node.exe',
1 verbose cli   'C:\\Program Files (x86)\\Nodist\\npmv\\4.0.5\\bin\\npm-cli.js',
1 verbose cli   'start' ]
2 info using npm@4.0.5
3 info using node@v7.2.1
4 verbose run-script [ 'prestart', 'start', 'poststart' ]
5 info lifecycle MD2_webpack@1.0.0~prestart: MD2_webpack@1.0.0
6 warn lifecycle The node binary used for scripts is C:\Program Files (x86)\Nodist\bin\node.exe but npm is using C:\Program Files (x86)\Nodist\v-x64\7.2.1\node.exe itself. Use the `--scripts-prepend-node-path` option to include the path for the node binary npm was executed with.
7 silly lifecycle MD2_webpack@1.0.0~prestart: no script for prestart, continuing
8 info lifecycle MD2_webpack@1.0.0~start: MD2_webpack@1.0.0
9 verbose lifecycle MD2_webpack@1.0.0~start: unsafe-perm in lifecycle true
10 verbose lifecycle MD2_webpack@1.0.0~start: PATH: C:\Program Files (x86)\Nodist\npmv\4.0.5\bin\node-gyp-bin;C:\Users\luuk\Documents\GitHub\md2_webpack_assignments\node_modules\.bin;C:\ProgramData\Oracle\Java\javapath;C:\Program Files (x86)\Intel\iCLS Client\;C:\Program Files\Intel\iCLS Client\;C:\WINDOWS\system32;C:\WINDOWS;C:\WINDOWS\System32\Wbem;C:\WINDOWS\System32\WindowsPowerShell\v1.0\;C:\Program Files\Intel\Intel(R) Management Engine Components\DAL;C:\Program Files (x86)\Intel\Intel(R) Management Engine Components\DAL;C:\Program Files\Intel\Intel(R) Management Engine Components\IPT;C:\Program Files (x86)\Intel\Intel(R) Management Engine Components\IPT;C:\Program Files (x86)\NVIDIA Corporation\PhysX\Common;C:\Program Files\Intel\WiFi\bin\;C:\Program Files\Common Files\Intel\WirelessCommon\;C:\Program Files (x86)\Nodist\bin;C:\Users\luuk\AppData\Local\Microsoft\WindowsApps;C:\Program Files\Intel\WiFi\bin\;C:\Program Files\Common Files\Intel\WirelessCommon\
11 verbose lifecycle MD2_webpack@1.0.0~start: CWD: C:\Users\luuk\Documents\GitHub\md2_webpack_assignments
12 silly lifecycle MD2_webpack@1.0.0~start: Args: [ '/d /s /c',
12 silly lifecycle   'webpack-dev-server --hot --inline --host 0.0.0.0' ]
13 silly lifecycle MD2_webpack@1.0.0~start: Returned: code: 3221225786  signal: null
14 info lifecycle MD2_webpack@1.0.0~start: Failed to exec start script
15 verbose stack Error: MD2_webpack@1.0.0 start: `webpack-dev-server --hot --inline --host 0.0.0.0`
15 verbose stack Exit status 3221225786
15 verbose stack     at EventEmitter.<anonymous> (C:\Program Files (x86)\Nodist\npmv\4.0.5\lib\utils\lifecycle.js:279:16)
15 verbose stack     at emitTwo (events.js:106:13)
15 verbose stack     at EventEmitter.emit (events.js:191:7)
15 verbose stack     at ChildProcess.<anonymous> (C:\Program Files (x86)\Nodist\npmv\4.0.5\lib\utils\spawn.js:40:14)
15 verbose stack     at emitTwo (events.js:106:13)
15 verbose stack     at ChildProcess.emit (events.js:191:7)
15 verbose stack     at maybeClose (internal/child_process.js:885:16)
15 verbose stack     at Process.ChildProcess._handle.onexit (internal/child_process.js:226:5)
16 verbose pkgid MD2_webpack@1.0.0
17 verbose cwd C:\Users\luuk\Documents\GitHub\md2_webpack_assignments
18 error Windows_NT 10.0.14393
19 error argv "C:\\Program Files (x86)\\Nodist\\v-x64\\7.2.1\\node.exe" "C:\\Program Files (x86)\\Nodist\\npmv\\4.0.5\\bin\\npm-cli.js" "start"
20 error node v7.2.1
21 error npm  v4.0.5
22 error code ELIFECYCLE
23 error MD2_webpack@1.0.0 start: `webpack-dev-server --hot --inline --host 0.0.0.0`
23 error Exit status 3221225786
24 error Failed at the MD2_webpack@1.0.0 start script 'webpack-dev-server --hot --inline --host 0.0.0.0'.
24 error Make sure you have the latest version of node.js and npm installed.
24 error If you do, this is most likely a problem with the MD2_webpack package,
24 error not with npm itself.
24 error Tell the author that this fails on your system:
24 error     webpack-dev-server --hot --inline --host 0.0.0.0
24 error You can get information on how to open an issue for this project with:
24 error     npm bugs MD2_webpack
24 error Or if that isn't available, you can get their info via:
24 error     npm owner ls MD2_webpack
24 error There is likely additional logging output above.
25 verbose exit [ 1, true ]
